<?xml version="1.0" encoding="UTF-8"?>
<!-- Generated by org.testng.reporters.JUnitXMLReporter -->
<testsuite ignored="0" hostname="LAPTOP-PU04GD96" failures="1" tests="1" name="TC_02_Blouse" time="10.531" errors="0" timestamp="10 Oct 2022 07:19:59 GMT">
  <testcase classname="testCases_Search.TC_02_Blouse" name="TC02" time="5.646">
    <failure type="java.lang.AssertionError" message="El text Blouse no esta desplegado expected [true] but found [false]">
      <![CDATA[java.lang.AssertionError: El text Blouse no esta desplegado expected [true] but found [false]
	at testCases_Search.TC_02_Blouse.TC02(TC_02_Blouse.java:30)
	at java.base/java.util.concurrent.FutureTask.run(FutureTask.java:264)
	at java.base/java.util.concurrent.ThreadPoolExecutor.runWorker(ThreadPoolExecutor.java:1136)
	at java.base/java.util.concurrent.ThreadPoolExecutor$Worker.run(ThreadPoolExecutor.java:635)
	at java.base/java.lang.Thread.run(Thread.java:833)
... Removed 19 stack frames]]>
    </failure>
  </testcase> <!-- TC02 -->
</testsuite> <!-- TC_02_Blouse -->
